nohup: ignoring input

> my-v0-project@0.1.0 dev
> next dev

   ▲ Next.js 15.2.4
   - Local:        http://localhost:3000
   - Network:      http://192.168.1.152:3000

 ✓ Starting...
 ✓ Ready in 10.6s
 ○ Compiling / ...
 ✓ Compiled / in 3.4s (859 modules)
 GET /?id=bc932f21-8ee5-4371-b155-8fe7cb3965a5&vscodeBrowserReqId=1749256046443 200 in 4007ms
 ✓ Compiled in 633ms (414 modules)
 ✓ Compiled in 183ms (414 modules)
 ✓ Compiled in 182ms (414 modules)
 ✓ Compiled in 171ms (414 modules)
 ✓ Compiled in 213ms (414 modules)
 ✓ Compiled in 199ms (414 modules)
 ✓ Compiled in 187ms (414 modules)
 ✓ Compiled in 184ms (414 modules)
 ✓ Compiled in 160ms (414 modules)
 GET /?id=bc932f21-8ee5-4371-b155-8fe7cb3965a5&vscodeBrowserReqId=1749256046443 200 in 140ms
 ✓ Compiled in 193ms (414 modules)
 GET /?id=bc932f21-8ee5-4371-b155-8fe7cb3965a5&vscodeBrowserReqId=1749256046443 200 in 130ms
 ✓ Compiled in 173ms (414 modules)
 GET /?id=bc932f21-8ee5-4371-b155-8fe7cb3965a5&vscodeBrowserReqId=1749256046443 200 in 26ms
 ✓ Compiled in 172ms (414 modules)
 GET /?id=bc932f21-8ee5-4371-b155-8fe7cb3965a5&vscodeBrowserReqId=1749256046443 200 in 172ms
 ✓ Compiled in 184ms (414 modules)
 ✓ Compiled in 180ms (414 modules)
 GET /?id=bc932f21-8ee5-4371-b155-8fe7cb3965a5&vscodeBrowserReqId=1749256046443 200 in 163ms
 GET /?id=bc932f21-8ee5-4371-b155-8fe7cb3965a5&vscodeBrowserReqId=1749256046443 200 in 23ms
 ✓ Compiled in 155ms (414 modules)
 GET /?id=bc932f21-8ee5-4371-b155-8fe7cb3965a5&vscodeBrowserReqId=1749256046443 200 in 150ms
 ✓ Compiled in 191ms (414 modules)
 GET /?id=bc932f21-8ee5-4371-b155-8fe7cb3965a5&vscodeBrowserReqId=1749256046443 200 in 186ms
 ✓ Compiled in 201ms (414 modules)
 ✓ Compiled in 213ms (414 modules)
 GET /?id=bc932f21-8ee5-4371-b155-8fe7cb3965a5&vscodeBrowserReqId=1749256046443 200 in 196ms
 ✓ Compiled in 174ms (414 modules)
 GET /?id=bc932f21-8ee5-4371-b155-8fe7cb3965a5&vscodeBrowserReqId=1749256046443 200 in 207ms
 ✓ Compiled in 202ms (414 modules)
 GET /?id=bc932f21-8ee5-4371-b155-8fe7cb3965a5&vscodeBrowserReqId=1749256046443 200 in 38ms
 ✓ Compiled in 173ms (414 modules)
 GET /?id=bc932f21-8ee5-4371-b155-8fe7cb3965a5&vscodeBrowserReqId=1749256046443 200 in 33ms
 ✓ Compiled in 180ms (414 modules)
 GET /?id=bc932f21-8ee5-4371-b155-8fe7cb3965a5&vscodeBrowserReqId=1749256046443 200 in 53ms
 GET /?id=bc932f21-8ee5-4371-b155-8fe7cb3965a5&vscodeBrowserReqId=1749256046443 200 in 152ms
 ✓ Compiled in 165ms (414 modules)
 GET /?id=bc932f21-8ee5-4371-b155-8fe7cb3965a5&vscodeBrowserReqId=1749256046443 200 in 145ms
 ✓ Compiled in 157ms (414 modules)
 ⨯ SyntaxError: Unexpected end of JSON input
    at JSON.parse (<anonymous>) {
  page: '/'
}
 ✓ Compiled in 216ms (414 modules)
 ○ Compiling /_error ...
 ✓ Compiled /_error in 2.1s (1188 modules)
 ✓ Compiled in 183ms (656 modules)
 GET /?id=bc932f21-8ee5-4371-b155-8fe7cb3965a5&vscodeBrowserReqId=1749256046443 500 in 2921ms
 ⨯ SyntaxError: Unexpected end of JSON input
    at JSON.parse (<anonymous>) {
  page: '/'
}
 ✓ Compiled in 503ms (656 modules)
 ✓ Compiled in 173ms (656 modules)
 GET /?id=bc932f21-8ee5-4371-b155-8fe7cb3965a5&vscodeBrowserReqId=1749256046443 500 in 383ms
 ✓ Compiled in 244ms (656 modules)
 GET /?id=bc932f21-8ee5-4371-b155-8fe7cb3965a5&vscodeBrowserReqId=1749256046443 200 in 123ms
 GET /?id=bc932f21-8ee5-4371-b155-8fe7cb3965a5&vscodeBrowserReqId=1749256046443 200 in 151ms
 ✓ Compiled in 203ms (656 modules)
 GET /?id=bc932f21-8ee5-4371-b155-8fe7cb3965a5&vscodeBrowserReqId=1749256046443 200 in 63ms
 ✓ Compiled in 187ms (656 modules)
 GET /?id=bc932f21-8ee5-4371-b155-8fe7cb3965a5&vscodeBrowserReqId=1749256046443 200 in 75ms
 GET /?id=bc932f21-8ee5-4371-b155-8fe7cb3965a5&vscodeBrowserReqId=1749256046443 200 in 137ms
 ✓ Compiled in 189ms (656 modules)
 GET /?id=bc932f21-8ee5-4371-b155-8fe7cb3965a5&vscodeBrowserReqId=1749256046443 200 in 33ms
 ✓ Compiled in 204ms (656 modules)
 GET /?id=bc932f21-8ee5-4371-b155-8fe7cb3965a5&vscodeBrowserReqId=1749256046443 200 in 75ms
 GET /?id=bc932f21-8ee5-4371-b155-8fe7cb3965a5&vscodeBrowserReqId=1749256046443 200 in 129ms
 ✓ Compiled in 181ms (656 modules)
 GET /?id=bc932f21-8ee5-4371-b155-8fe7cb3965a5&vscodeBrowserReqId=1749256046443 200 in 33ms
 ✓ Compiled in 194ms (656 modules)
 GET /?id=bc932f21-8ee5-4371-b155-8fe7cb3965a5&vscodeBrowserReqId=1749256046443 200 in 66ms
 GET /?id=bc932f21-8ee5-4371-b155-8fe7cb3965a5&vscodeBrowserReqId=1749256046443 200 in 112ms
 ✓ Compiled in 159ms (656 modules)
 GET /?id=bc932f21-8ee5-4371-b155-8fe7cb3965a5&vscodeBrowserReqId=1749256046443 200 in 30ms
 ✓ Compiled in 168ms (656 modules)
 GET /?id=bc932f21-8ee5-4371-b155-8fe7cb3965a5&vscodeBrowserReqId=1749256046443 200 in 57ms
 GET /?id=bc932f21-8ee5-4371-b155-8fe7cb3965a5&vscodeBrowserReqId=1749256046443 200 in 71ms
 ✓ Compiled in 179ms (656 modules)
 GET /?id=bc932f21-8ee5-4371-b155-8fe7cb3965a5&vscodeBrowserReqId=1749256046443 200 in 30ms
 ✓ Compiled in 193ms (656 modules)
 GET /?id=bc932f21-8ee5-4371-b155-8fe7cb3965a5&vscodeBrowserReqId=1749256046443 200 in 78ms
 ✓ Compiled in 192ms (656 modules)
 GET /?id=bc932f21-8ee5-4371-b155-8fe7cb3965a5&vscodeBrowserReqId=1749256046443 200 in 64ms
 GET /?id=bc932f21-8ee5-4371-b155-8fe7cb3965a5&vscodeBrowserReqId=1749256046443 200 in 130ms
 ✓ Compiled in 186ms (656 modules)
 GET /?id=bc932f21-8ee5-4371-b155-8fe7cb3965a5&vscodeBrowserReqId=1749256046443 200 in 139ms
 ⚠ Fast Refresh had to perform a full reload. Read more: https://nextjs.org/docs/messages/fast-refresh-reload
 GET /?id=bc932f21-8ee5-4371-b155-8fe7cb3965a5&vscodeBrowserReqId=1749256046443 200 in 267ms
 ✓ Compiled in 321ms (656 modules)
 ✓ Compiled in 166ms (656 modules)
 ✓ Compiled in 180ms (656 modules)
 ✓ Compiled in 153ms (656 modules)
 ✓ Compiled in 159ms (656 modules)
 ✓ Compiled in 145ms (656 modules)
 ✓ Compiled in 149ms (656 modules)
 ✓ Compiled in 153ms (656 modules)
 GET /?id=bc932f21-8ee5-4371-b155-8fe7cb3965a5&vscodeBrowserReqId=1749256046443 200 in 134ms
 ✓ Compiled in 174ms (656 modules)
 GET /?id=bc932f21-8ee5-4371-b155-8fe7cb3965a5&vscodeBrowserReqId=1749256046443 200 in 109ms
 ✓ Compiled in 168ms (656 modules)
 GET /?id=bc932f21-8ee5-4371-b155-8fe7cb3965a5&vscodeBrowserReqId=1749256046443 200 in 175ms
 ✓ Compiled in 197ms (656 modules)
 GET /?id=bc932f21-8ee5-4371-b155-8fe7cb3965a5&vscodeBrowserReqId=1749256046443 200 in 151ms
 ✓ Compiled in 173ms (656 modules)
 GET /?id=bc932f21-8ee5-4371-b155-8fe7cb3965a5&vscodeBrowserReqId=1749256046443 200 in 167ms
 ✓ Compiled in 190ms (656 modules)
 GET /?id=bc932f21-8ee5-4371-b155-8fe7cb3965a5&vscodeBrowserReqId=1749256046443 200 in 156ms
 ✓ Compiled in 178ms (656 modules)
 GET /?id=bc932f21-8ee5-4371-b155-8fe7cb3965a5&vscodeBrowserReqId=1749256046443 200 in 145ms
 ✓ Compiled in 198ms (656 modules)
 GET /?id=bc932f21-8ee5-4371-b155-8fe7cb3965a5&vscodeBrowserReqId=1749256046443 200 in 141ms
 ✓ Compiled in 201ms (656 modules)
 GET /?id=bc932f21-8ee5-4371-b155-8fe7cb3965a5&vscodeBrowserReqId=1749256046443 200 in 166ms
 ✓ Compiled in 208ms (656 modules)
 GET /?id=bc932f21-8ee5-4371-b155-8fe7cb3965a5&vscodeBrowserReqId=1749256046443 200 in 96ms
 ✓ Compiled in 218ms (656 modules)
 GET /?id=bc932f21-8ee5-4371-b155-8fe7cb3965a5&vscodeBrowserReqId=1749256046443 200 in 152ms
 ✓ Compiled in 237ms (656 modules)
 GET /?id=bc932f21-8ee5-4371-b155-8fe7cb3965a5&vscodeBrowserReqId=1749256046443 200 in 181ms
 ✓ Compiled in 218ms (656 modules)
 ✓ Compiled in 167ms (656 modules)
 GET /?id=bc932f21-8ee5-4371-b155-8fe7cb3965a5&vscodeBrowserReqId=1749256046443 200 in 143ms
 GET /?id=bc932f21-8ee5-4371-b155-8fe7cb3965a5&vscodeBrowserReqId=1749256046443 200 in 24ms
 ✓ Compiled in 168ms (656 modules)
 GET /?id=bc932f21-8ee5-4371-b155-8fe7cb3965a5&vscodeBrowserReqId=1749256046443 200 in 27ms
 ✓ Compiled in 167ms (656 modules)
 GET /?id=bc932f21-8ee5-4371-b155-8fe7cb3965a5&vscodeBrowserReqId=1749256046443 200 in 25ms
 ✓ Compiled in 159ms (656 modules)
 GET /?id=bc932f21-8ee5-4371-b155-8fe7cb3965a5&vscodeBrowserReqId=1749256046443 200 in 33ms
 ✓ Compiled in 164ms (656 modules)
 ✓ Compiled in 189ms (656 modules)
 ✓ Compiled in 145ms (656 modules)
 ✓ Compiled in 291ms (656 modules)
 GET /?id=bc932f21-8ee5-4371-b155-8fe7cb3965a5&vscodeBrowserReqId=1749256046443 200 in 132ms
 GET /?id=bc932f21-8ee5-4371-b155-8fe7cb3965a5&vscodeBrowserReqId=1749256046443 200 in 133ms
 ✓ Compiled in 180ms (656 modules)
 GET /?id=bc932f21-8ee5-4371-b155-8fe7cb3965a5&vscodeBrowserReqId=1749256046443 200 in 29ms
 ✓ Compiled in 180ms (656 modules)
 GET /?id=bc932f21-8ee5-4371-b155-8fe7cb3965a5&vscodeBrowserReqId=1749256046443 200 in 65ms
 ✓ Compiled in 220ms (656 modules)
 GET /?id=bc932f21-8ee5-4371-b155-8fe7cb3965a5&vscodeBrowserReqId=1749256046443 200 in 104ms
 GET /?id=bc932f21-8ee5-4371-b155-8fe7cb3965a5&vscodeBrowserReqId=1749256046443 200 in 176ms
 ✓ Compiled in 242ms (656 modules)
 GET /?id=bc932f21-8ee5-4371-b155-8fe7cb3965a5&vscodeBrowserReqId=1749256046443 200 in 74ms
 ✓ Compiled in 182ms (656 modules)
 GET /?id=bc932f21-8ee5-4371-b155-8fe7cb3965a5&vscodeBrowserReqId=1749256046443 200 in 71ms
 GET /?id=bc932f21-8ee5-4371-b155-8fe7cb3965a5&vscodeBrowserReqId=1749256046443 200 in 136ms
 ✓ Compiled in 187ms (656 modules)
 GET /?id=bc932f21-8ee5-4371-b155-8fe7cb3965a5&vscodeBrowserReqId=1749256046443 200 in 117ms
 ✓ Compiled in 167ms (656 modules)
 GET /?id=bc932f21-8ee5-4371-b155-8fe7cb3965a5&vscodeBrowserReqId=1749256046443 200 in 109ms
 ✓ Compiled in 156ms (656 modules)
 GET /?id=bc932f21-8ee5-4371-b155-8fe7cb3965a5&vscodeBrowserReqId=1749256046443 200 in 155ms
 ✓ Compiled in 179ms (656 modules)
 GET /?id=bc932f21-8ee5-4371-b155-8fe7cb3965a5&vscodeBrowserReqId=1749256046443 200 in 155ms
 ✓ Compiled in 185ms (656 modules)
 GET /?id=bc932f21-8ee5-4371-b155-8fe7cb3965a5&vscodeBrowserReqId=1749256046443 200 in 123ms
 ✓ Compiled in 169ms (656 modules)
 GET /?id=bc932f21-8ee5-4371-b155-8fe7cb3965a5&vscodeBrowserReqId=1749256046443 200 in 113ms
 ✓ Compiled in 163ms (656 modules)
 ✓ Compiled in 163ms (656 modules)
 GET /?id=bc932f21-8ee5-4371-b155-8fe7cb3965a5&vscodeBrowserReqId=1749256046443 200 in 61ms
 GET /?id=bc932f21-8ee5-4371-b155-8fe7cb3965a5&vscodeBrowserReqId=1749256046443 200 in 135ms
 ✓ Compiled in 194ms (656 modules)
 GET /?id=bc932f21-8ee5-4371-b155-8fe7cb3965a5&vscodeBrowserReqId=1749256046443 200 in 114ms
 ✓ Compiled in 167ms (656 modules)
 GET /?id=bc932f21-8ee5-4371-b155-8fe7cb3965a5&vscodeBrowserReqId=1749256046443 200 in 104ms
 ✓ Compiled in 160ms (656 modules)
 GET /?id=bc932f21-8ee5-4371-b155-8fe7cb3965a5&vscodeBrowserReqId=1749256046443 200 in 57ms
 ✓ Compiled in 215ms (656 modules)
 GET /?id=bc932f21-8ee5-4371-b155-8fe7cb3965a5&vscodeBrowserReqId=1749256046443 200 in 76ms
 ✓ Compiled in 263ms (656 modules)
 GET /?id=bc932f21-8ee5-4371-b155-8fe7cb3965a5&vscodeBrowserReqId=1749256046443 200 in 69ms
 ✓ Compiled in 202ms (656 modules)
 GET /?id=bc932f21-8ee5-4371-b155-8fe7cb3965a5&vscodeBrowserReqId=1749256046443 200 in 52ms
 ✓ Compiled in 219ms (656 modules)
 GET /?id=bc932f21-8ee5-4371-b155-8fe7cb3965a5&vscodeBrowserReqId=1749256046443 200 in 139ms
 ✓ Compiled in 184ms (656 modules)
 ⨯ SyntaxError: Unexpected end of JSON input
    at JSON.parse (<anonymous>) {
  page: '/'
}
 ✓ Compiled in 190ms (656 modules)
 ✓ Compiled in 138ms (656 modules)
 GET /?id=bc932f21-8ee5-4371-b155-8fe7cb3965a5&vscodeBrowserReqId=1749256046443 500 in 332ms
 ✓ Compiled in 161ms (656 modules)
 GET /?id=bc932f21-8ee5-4371-b155-8fe7cb3965a5&vscodeBrowserReqId=1749256046443 200 in 52ms
 GET /?id=bc932f21-8ee5-4371-b155-8fe7cb3965a5&vscodeBrowserReqId=1749256046443 200 in 27ms
 ✓ Compiled in 156ms (656 modules)
 GET /?id=bc932f21-8ee5-4371-b155-8fe7cb3965a5&vscodeBrowserReqId=1749256046443 200 in 54ms
 GET /?id=bc932f21-8ee5-4371-b155-8fe7cb3965a5&vscodeBrowserReqId=1749256046443 200 in 165ms
 ✓ Compiled in 191ms (656 modules)
 ⚠ Fast Refresh had to perform a full reload. Read more: https://nextjs.org/docs/messages/fast-refresh-reload
 GET /?id=bc932f21-8ee5-4371-b155-8fe7cb3965a5&vscodeBrowserReqId=1749256046443 200 in 100ms
 ✓ Compiled in 256ms (656 modules)
 ✓ Compiled in 149ms (656 modules)
 ✓ Compiled in 156ms (656 modules)
 ✓ Compiled in 150ms (656 modules)
 ✓ Compiled in 158ms (656 modules)
 ✓ Compiled in 154ms (656 modules)
 ✓ Compiled in 138ms (656 modules)
 ✓ Compiled in 161ms (656 modules)
 GET /?id=bc932f21-8ee5-4371-b155-8fe7cb3965a5&vscodeBrowserReqId=1749256046443 200 in 177ms
 ✓ Compiled in 216ms (656 modules)
 GET /?id=bc932f21-8ee5-4371-b155-8fe7cb3965a5&vscodeBrowserReqId=1749256046443 200 in 109ms
 ✓ Compiled in 171ms (656 modules)
 GET /?id=bc932f21-8ee5-4371-b155-8fe7cb3965a5&vscodeBrowserReqId=1749256046443 200 in 26ms
 ✓ Compiled in 179ms (656 modules)
 GET /?id=bc932f21-8ee5-4371-b155-8fe7cb3965a5&vscodeBrowserReqId=1749256046443 200 in 36ms
 ✓ Compiled in 189ms (656 modules)
 GET /?id=bc932f21-8ee5-4371-b155-8fe7cb3965a5&vscodeBrowserReqId=1749256046443 200 in 136ms
 ✓ Compiled in 178ms (656 modules)
 GET /?id=bc932f21-8ee5-4371-b155-8fe7cb3965a5&vscodeBrowserReqId=1749256046443 200 in 25ms
 ✓ Compiled in 160ms (656 modules)
 GET /?id=bc932f21-8ee5-4371-b155-8fe7cb3965a5&vscodeBrowserReqId=1749256046443 200 in 125ms
 ✓ Compiled in 173ms (656 modules)
 ✓ Compiled in 182ms (656 modules)
 GET /?id=bc932f21-8ee5-4371-b155-8fe7cb3965a5&vscodeBrowserReqId=1749256046443 200 in 162ms
 GET /?id=bc932f21-8ee5-4371-b155-8fe7cb3965a5&vscodeBrowserReqId=1749256046443 200 in 25ms
 ✓ Compiled in 161ms (656 modules)
 GET /?id=bc932f21-8ee5-4371-b155-8fe7cb3965a5&vscodeBrowserReqId=1749256046443 200 in 127ms
 ✓ Compiled in 170ms (656 modules)
 GET /?id=bc932f21-8ee5-4371-b155-8fe7cb3965a5&vscodeBrowserReqId=1749256046443 200 in 28ms
 ✓ Compiled in 179ms (656 modules)
 GET /?id=bc932f21-8ee5-4371-b155-8fe7cb3965a5&vscodeBrowserReqId=1749256046443 200 in 36ms
 ✓ Compiled in 209ms (656 modules)
 GET /?id=bc932f21-8ee5-4371-b155-8fe7cb3965a5&vscodeBrowserReqId=1749256046443 200 in 128ms
 ✓ Compiled in 175ms (656 modules)
 GET /?id=bc932f21-8ee5-4371-b155-8fe7cb3965a5&vscodeBrowserReqId=1749256046443 200 in 132ms
 ✓ Compiled in 182ms (656 modules)
 ⚠ Fast Refresh had to perform a full reload. Read more: https://nextjs.org/docs/messages/fast-refresh-reload
 GET /?id=bc932f21-8ee5-4371-b155-8fe7cb3965a5&vscodeBrowserReqId=1749256074592 200 in 133ms
 ✓ Compiled in 235ms (656 modules)
 ✓ Compiled in 163ms (656 modules)
 ✓ Compiled in 180ms (656 modules)
 ✓ Compiled in 150ms (656 modules)
 ✓ Compiled in 146ms (656 modules)
 ✓ Compiled in 151ms (656 modules)
 ✓ Compiled in 152ms (656 modules)
 ✓ Compiled in 174ms (656 modules)
 GET /?id=bc932f21-8ee5-4371-b155-8fe7cb3965a5&vscodeBrowserReqId=1749256074592 200 in 26ms
 ✓ Compiled in 206ms (656 modules)
 GET /?id=bc932f21-8ee5-4371-b155-8fe7cb3965a5&vscodeBrowserReqId=1749256074592 200 in 38ms
 ✓ Compiled in 181ms (656 modules)
 GET /?id=bc932f21-8ee5-4371-b155-8fe7cb3965a5&vscodeBrowserReqId=1749256074592 200 in 30ms
 ✓ Compiled in 184ms (656 modules)
 GET /?id=bc932f21-8ee5-4371-b155-8fe7cb3965a5&vscodeBrowserReqId=1749256074592 200 in 29ms
 ✓ Compiled in 182ms (656 modules)
 GET /?id=bc932f21-8ee5-4371-b155-8fe7cb3965a5&vscodeBrowserReqId=1749256074592 200 in 30ms
 ✓ Compiled in 212ms (656 modules)
 GET /?id=bc932f21-8ee5-4371-b155-8fe7cb3965a5&vscodeBrowserReqId=1749256074592 200 in 26ms
 ✓ Compiled in 173ms (656 modules)
 ✓ Compiled in 174ms (656 modules)
 GET /?id=bc932f21-8ee5-4371-b155-8fe7cb3965a5&vscodeBrowserReqId=1749256074592 200 in 153ms
 GET /?id=bc932f21-8ee5-4371-b155-8fe7cb3965a5&vscodeBrowserReqId=1749256074592 200 in 165ms
 ✓ Compiled in 185ms (656 modules)
 GET /?id=bc932f21-8ee5-4371-b155-8fe7cb3965a5&vscodeBrowserReqId=1749256074592 200 in 125ms
 ✓ Compiled in 179ms (656 modules)
 GET /?id=bc932f21-8ee5-4371-b155-8fe7cb3965a5&vscodeBrowserReqId=1749256074592 200 in 128ms
 ✓ Compiled in 188ms (656 modules)
 GET /?id=bc932f21-8ee5-4371-b155-8fe7cb3965a5&vscodeBrowserReqId=1749256074592 200 in 163ms
 ✓ Compiled in 212ms (656 modules)
 GET /?id=bc932f21-8ee5-4371-b155-8fe7cb3965a5&vscodeBrowserReqId=1749256074592 200 in 126ms
 ✓ Compiled in 182ms (656 modules)
 GET /?id=bc932f21-8ee5-4371-b155-8fe7cb3965a5&vscodeBrowserReqId=1749256074592 200 in 26ms
 ✓ Compiled in 216ms (656 modules)
 GET /?id=bc932f21-8ee5-4371-b155-8fe7cb3965a5&vscodeBrowserReqId=1749256074592 200 in 28ms
 ✓ Compiled in 174ms (656 modules)
 GET /?id=bc932f21-8ee5-4371-b155-8fe7cb3965a5&vscodeBrowserReqId=1749256074592 200 in 31ms
 ✓ Compiled in 217ms (656 modules)
 GET /?id=bc932f21-8ee5-4371-b155-8fe7cb3965a5&vscodeBrowserReqId=1749256074592 200 in 64ms
 ✓ Compiled in 319ms (656 modules)
 GET /?id=bc932f21-8ee5-4371-b155-8fe7cb3965a5&vscodeBrowserReqId=1749256074592 200 in 162ms
 ✓ Compiled in 219ms (656 modules)
 GET /?id=bc932f21-8ee5-4371-b155-8fe7cb3965a5&vscodeBrowserReqId=1749256074592 200 in 26ms
 ✓ Compiled in 162ms (656 modules)
 GET /?id=bc932f21-8ee5-4371-b155-8fe7cb3965a5&vscodeBrowserReqId=1749256074592 200 in 28ms
 ✓ Compiled in 162ms (656 modules)
 GET /?id=bc932f21-8ee5-4371-b155-8fe7cb3965a5&vscodeBrowserReqId=1749256074592 200 in 25ms
 ✓ Compiled in 165ms (656 modules)
 GET /?id=bc932f21-8ee5-4371-b155-8fe7cb3965a5&vscodeBrowserReqId=1749256074592 200 in 26ms
 ✓ Compiled in 166ms (656 modules)
 GET /?id=bc932f21-8ee5-4371-b155-8fe7cb3965a5&vscodeBrowserReqId=1749256074592 200 in 29ms
 ✓ Compiled in 213ms (656 modules)
 GET /?id=bc932f21-8ee5-4371-b155-8fe7cb3965a5&vscodeBrowserReqId=1749256074592 200 in 148ms
 ✓ Compiled in 192ms (656 modules)
 GET /?id=bc932f21-8ee5-4371-b155-8fe7cb3965a5&vscodeBrowserReqId=1749256074592 200 in 125ms
 ✓ Compiled in 165ms (656 modules)
 GET /?id=bc932f21-8ee5-4371-b155-8fe7cb3965a5&vscodeBrowserReqId=1749256074592 200 in 123ms
 ✓ Compiled in 170ms (656 modules)
 GET /?id=bc932f21-8ee5-4371-b155-8fe7cb3965a5&vscodeBrowserReqId=1749256074592 200 in 26ms
 ✓ Compiled in 161ms (656 modules)
 GET /?id=bc932f21-8ee5-4371-b155-8fe7cb3965a5&vscodeBrowserReqId=1749256074592 200 in 26ms
 ✓ Compiled in 153ms (656 modules)
 GET /?id=bc932f21-8ee5-4371-b155-8fe7cb3965a5&vscodeBrowserReqId=1749256074592 200 in 41ms
 ✓ Compiled in 164ms (656 modules)
 GET /?id=bc932f21-8ee5-4371-b155-8fe7cb3965a5&vscodeBrowserReqId=1749256074592 200 in 29ms
 ✓ Compiled in 174ms (656 modules)
 GET /?id=bc932f21-8ee5-4371-b155-8fe7cb3965a5&vscodeBrowserReqId=1749256074592 200 in 117ms
 ✓ Compiled in 161ms (656 modules)
 GET /?id=bc932f21-8ee5-4371-b155-8fe7cb3965a5&vscodeBrowserReqId=1749256074592 200 in 24ms
 ✓ Compiled in 150ms (656 modules)
 GET /?id=bc932f21-8ee5-4371-b155-8fe7cb3965a5&vscodeBrowserReqId=1749256074592 200 in 121ms
 ✓ Compiled in 174ms (656 modules)
 GET /?id=bc932f21-8ee5-4371-b155-8fe7cb3965a5&vscodeBrowserReqId=1749256074592 200 in 26ms
 ✓ Compiled in 155ms (656 modules)
 GET /?id=bc932f21-8ee5-4371-b155-8fe7cb3965a5&vscodeBrowserReqId=1749256074592 200 in 30ms
 ✓ Compiled in 161ms (656 modules)
 GET /?id=bc932f21-8ee5-4371-b155-8fe7cb3965a5&vscodeBrowserReqId=1749256074592 200 in 145ms
 ✓ Compiled in 183ms (656 modules)
 GET /?id=bc932f21-8ee5-4371-b155-8fe7cb3965a5&vscodeBrowserReqId=1749256074592 200 in 25ms
 ✓ Compiled in 159ms (656 modules)
 GET /?id=bc932f21-8ee5-4371-b155-8fe7cb3965a5&vscodeBrowserReqId=1749256074592 200 in 29ms
 ✓ Compiled in 195ms (656 modules)
 GET /?id=bc932f21-8ee5-4371-b155-8fe7cb3965a5&vscodeBrowserReqId=1749256074592 200 in 26ms
 ✓ Compiled in 177ms (656 modules)
 GET /?id=bc932f21-8ee5-4371-b155-8fe7cb3965a5&vscodeBrowserReqId=1749256074592 200 in 22ms
 ✓ Compiled in 168ms (656 modules)
 GET /?id=bc932f21-8ee5-4371-b155-8fe7cb3965a5&vscodeBrowserReqId=1749256074592 200 in 110ms
 ✓ Compiled in 158ms (656 modules)
 GET /?id=bc932f21-8ee5-4371-b155-8fe7cb3965a5&vscodeBrowserReqId=1749256074592 200 in 112ms
 ✓ Compiled in 154ms (656 modules)
 GET /?id=bc932f21-8ee5-4371-b155-8fe7cb3965a5&vscodeBrowserReqId=1749256074592 200 in 124ms
 ✓ Compiled in 168ms (656 modules)
 GET /?id=bc932f21-8ee5-4371-b155-8fe7cb3965a5&vscodeBrowserReqId=1749256074592 200 in 28ms
 ✓ Compiled in 160ms (656 modules)
 GET /?id=bc932f21-8ee5-4371-b155-8fe7cb3965a5&vscodeBrowserReqId=1749256074592 200 in 32ms
 ✓ Compiled in 199ms (656 modules)
 GET /?id=bc932f21-8ee5-4371-b155-8fe7cb3965a5&vscodeBrowserReqId=1749256074592 200 in 29ms
 ✓ Compiled in 163ms (656 modules)
 GET /?id=bc932f21-8ee5-4371-b155-8fe7cb3965a5&vscodeBrowserReqId=1749256074592 200 in 28ms
 ✓ Compiled in 164ms (656 modules)
 GET /?id=bc932f21-8ee5-4371-b155-8fe7cb3965a5&vscodeBrowserReqId=1749256074592 200 in 22ms
 ✓ Compiled in 150ms (656 modules)
 GET /?id=bc932f21-8ee5-4371-b155-8fe7cb3965a5&vscodeBrowserReqId=1749256074592 200 in 27ms
 ✓ Compiled in 157ms (656 modules)
 GET /?id=bc932f21-8ee5-4371-b155-8fe7cb3965a5&vscodeBrowserReqId=1749256074592 200 in 26ms
 ✓ Compiled in 159ms (656 modules)
 GET /?id=bc932f21-8ee5-4371-b155-8fe7cb3965a5&vscodeBrowserReqId=1749256074592 200 in 109ms
 ✓ Compiled in 167ms (656 modules)
 GET /?id=bc932f21-8ee5-4371-b155-8fe7cb3965a5&vscodeBrowserReqId=1749256074592 200 in 24ms
 ✓ Compiled in 166ms (656 modules)
 GET /?id=bc932f21-8ee5-4371-b155-8fe7cb3965a5&vscodeBrowserReqId=1749256074592 200 in 140ms
 ✓ Compiled in 181ms (656 modules)
 GET /?id=bc932f21-8ee5-4371-b155-8fe7cb3965a5&vscodeBrowserReqId=1749256074592 200 in 23ms
 ✓ Compiled in 157ms (656 modules)
 GET /?id=bc932f21-8ee5-4371-b155-8fe7cb3965a5&vscodeBrowserReqId=1749256074592 200 in 126ms
 ✓ Compiled in 182ms (656 modules)
 GET /?id=bc932f21-8ee5-4371-b155-8fe7cb3965a5&vscodeBrowserReqId=1749256074592 200 in 31ms
 ✓ Compiled in 173ms (656 modules)
 GET /?id=bc932f21-8ee5-4371-b155-8fe7cb3965a5&vscodeBrowserReqId=1749256074592 200 in 118ms
 ✓ Compiled in 160ms (656 modules)
 GET /?id=bc932f21-8ee5-4371-b155-8fe7cb3965a5&vscodeBrowserReqId=1749256074592 200 in 24ms
 ✓ Compiled in 159ms (656 modules)
 GET /?id=bc932f21-8ee5-4371-b155-8fe7cb3965a5&vscodeBrowserReqId=1749256074592 200 in 119ms
 ✓ Compiled in 167ms (656 modules)
 GET /?id=bc932f21-8ee5-4371-b155-8fe7cb3965a5&vscodeBrowserReqId=1749256074592 200 in 25ms
 ✓ Compiled in 154ms (656 modules)
 GET /?id=bc932f21-8ee5-4371-b155-8fe7cb3965a5&vscodeBrowserReqId=1749256074592 200 in 26ms
 ✓ Compiled in 153ms (656 modules)
 GET /?id=bc932f21-8ee5-4371-b155-8fe7cb3965a5&vscodeBrowserReqId=1749256074592 200 in 30ms
 ✓ Compiled in 166ms (656 modules)
 GET /?id=bc932f21-8ee5-4371-b155-8fe7cb3965a5&vscodeBrowserReqId=1749256074592 200 in 29ms
 ✓ Compiled in 167ms (656 modules)
 GET /?id=bc932f21-8ee5-4371-b155-8fe7cb3965a5&vscodeBrowserReqId=1749256074592 200 in 30ms
 ✓ Compiled in 163ms (656 modules)
 GET /?id=bc932f21-8ee5-4371-b155-8fe7cb3965a5&vscodeBrowserReqId=1749256074592 200 in 26ms
 ✓ Compiled in 174ms (656 modules)
 GET /?id=bc932f21-8ee5-4371-b155-8fe7cb3965a5&vscodeBrowserReqId=1749256074592 200 in 126ms
 ✓ Compiled in 179ms (656 modules)
 GET /?id=bc932f21-8ee5-4371-b155-8fe7cb3965a5&vscodeBrowserReqId=1749256074592 200 in 28ms
 ✓ Compiled in 180ms (656 modules)
 GET /?id=bc932f21-8ee5-4371-b155-8fe7cb3965a5&vscodeBrowserReqId=1749256074592 200 in 31ms
 ✓ Compiled in 174ms (656 modules)
 GET /?id=bc932f21-8ee5-4371-b155-8fe7cb3965a5&vscodeBrowserReqId=1749256074592 200 in 127ms
 ✓ Compiled in 168ms (656 modules)
 GET /?id=bc932f21-8ee5-4371-b155-8fe7cb3965a5&vscodeBrowserReqId=1749256074592 200 in 25ms
 ✓ Compiled in 181ms (656 modules)
 GET /?id=bc932f21-8ee5-4371-b155-8fe7cb3965a5&vscodeBrowserReqId=1749256074592 200 in 119ms
 ✓ Compiled in 164ms (656 modules)
 GET /?id=bc932f21-8ee5-4371-b155-8fe7cb3965a5&vscodeBrowserReqId=1749256074592 200 in 122ms
 ✓ Compiled in 172ms (656 modules)
 GET /?id=bc932f21-8ee5-4371-b155-8fe7cb3965a5&vscodeBrowserReqId=1749256074592 200 in 134ms
 ✓ Compiled in 188ms (656 modules)
 GET /?id=bc932f21-8ee5-4371-b155-8fe7cb3965a5&vscodeBrowserReqId=1749256074592 200 in 31ms
 ✓ Compiled in 184ms (656 modules)
 GET /?id=bc932f21-8ee5-4371-b155-8fe7cb3965a5&vscodeBrowserReqId=1749256074592 200 in 144ms
 ✓ Compiled in 190ms (656 modules)
 GET /?id=bc932f21-8ee5-4371-b155-8fe7cb3965a5&vscodeBrowserReqId=1749256074592 200 in 29ms
 ✓ Compiled in 168ms (656 modules)
 GET /?id=bc932f21-8ee5-4371-b155-8fe7cb3965a5&vscodeBrowserReqId=1749256074592 200 in 29ms
 ✓ Compiled in 176ms (656 modules)
 GET /?id=bc932f21-8ee5-4371-b155-8fe7cb3965a5&vscodeBrowserReqId=1749256074592 200 in 29ms
 ✓ Compiled in 195ms (656 modules)
 GET /?id=bc932f21-8ee5-4371-b155-8fe7cb3965a5&vscodeBrowserReqId=1749256074592 200 in 40ms
 ✓ Compiled in 205ms (656 modules)
 GET /?id=bc932f21-8ee5-4371-b155-8fe7cb3965a5&vscodeBrowserReqId=1749256074592 200 in 27ms
 ✓ Compiled in 201ms (656 modules)
 GET /?id=bc932f21-8ee5-4371-b155-8fe7cb3965a5&vscodeBrowserReqId=1749256074592 200 in 28ms
 ✓ Compiled in 184ms (656 modules)
 GET /?id=bc932f21-8ee5-4371-b155-8fe7cb3965a5&vscodeBrowserReqId=1749256074592 200 in 162ms
 ✓ Compiled in 189ms (656 modules)
 GET /?id=bc932f21-8ee5-4371-b155-8fe7cb3965a5&vscodeBrowserReqId=1749256074592 200 in 173ms
 ✓ Compiled in 194ms (656 modules)
 GET /?id=bc932f21-8ee5-4371-b155-8fe7cb3965a5&vscodeBrowserReqId=1749256074592 200 in 130ms
 ✓ Compiled in 180ms (656 modules)
 GET /?id=bc932f21-8ee5-4371-b155-8fe7cb3965a5&vscodeBrowserReqId=1749256074592 200 in 29ms
 ✓ Compiled in 168ms (656 modules)
 GET /?id=bc932f21-8ee5-4371-b155-8fe7cb3965a5&vscodeBrowserReqId=1749256074592 200 in 31ms
 ✓ Compiled in 160ms (656 modules)
 GET /?id=bc932f21-8ee5-4371-b155-8fe7cb3965a5&vscodeBrowserReqId=1749256074592 200 in 172ms
 ✓ Compiled in 222ms (656 modules)
 GET /?id=bc932f21-8ee5-4371-b155-8fe7cb3965a5&vscodeBrowserReqId=1749256074592 200 in 33ms
 ✓ Compiled in 167ms (656 modules)
 GET /?id=bc932f21-8ee5-4371-b155-8fe7cb3965a5&vscodeBrowserReqId=1749256074592 200 in 137ms
 ✓ Compiled in 188ms (656 modules)
 GET /?id=bc932f21-8ee5-4371-b155-8fe7cb3965a5&vscodeBrowserReqId=1749256074592 200 in 26ms
 ✓ Compiled in 151ms (656 modules)
 GET /?id=bc932f21-8ee5-4371-b155-8fe7cb3965a5&vscodeBrowserReqId=1749256074592 200 in 31ms
 ✓ Compiled in 167ms (656 modules)
 GET /?id=bc932f21-8ee5-4371-b155-8fe7cb3965a5&vscodeBrowserReqId=1749256074592 200 in 126ms
 ✓ Compiled in 174ms (656 modules)
 GET /?id=bc932f21-8ee5-4371-b155-8fe7cb3965a5&vscodeBrowserReqId=1749256074592 200 in 169ms
 ✓ Compiled in 193ms (656 modules)
 GET /?id=bc932f21-8ee5-4371-b155-8fe7cb3965a5&vscodeBrowserReqId=1749256074592 200 in 190ms
 ✓ Compiled in 216ms (656 modules)
 GET /?id=bc932f21-8ee5-4371-b155-8fe7cb3965a5&vscodeBrowserReqId=1749256074592 200 in 152ms
 ✓ Compiled in 197ms (656 modules)
 GET /?id=bc932f21-8ee5-4371-b155-8fe7cb3965a5&vscodeBrowserReqId=1749256074592 200 in 33ms
 ✓ Compiled in 194ms (656 modules)
 GET /?id=bc932f21-8ee5-4371-b155-8fe7cb3965a5&vscodeBrowserReqId=1749256074592 200 in 23ms
 ✓ Compiled in 170ms (656 modules)
 GET /?id=bc932f21-8ee5-4371-b155-8fe7cb3965a5&vscodeBrowserReqId=1749256074592 200 in 25ms
 ✓ Compiled in 160ms (656 modules)
 GET /?id=bc932f21-8ee5-4371-b155-8fe7cb3965a5&vscodeBrowserReqId=1749256074592 200 in 135ms
 ✓ Compiled in 186ms (656 modules)
 GET /?id=bc932f21-8ee5-4371-b155-8fe7cb3965a5&vscodeBrowserReqId=1749256074592 200 in 124ms
 ✓ Compiled in 187ms (656 modules)
 GET /?id=bc932f21-8ee5-4371-b155-8fe7cb3965a5&vscodeBrowserReqId=1749256074592 200 in 128ms
 ✓ Compiled in 196ms (656 modules)
 GET /?id=bc932f21-8ee5-4371-b155-8fe7cb3965a5&vscodeBrowserReqId=1749256074592 200 in 176ms
 ✓ Compiled in 227ms (656 modules)
 GET /?id=bc932f21-8ee5-4371-b155-8fe7cb3965a5&vscodeBrowserReqId=1749256074592 200 in 39ms
 ✓ Compiled in 205ms (656 modules)
 GET /?id=bc932f21-8ee5-4371-b155-8fe7cb3965a5&vscodeBrowserReqId=1749256074592 200 in 26ms
 ✓ Compiled in 179ms (656 modules)
 GET /?id=bc932f21-8ee5-4371-b155-8fe7cb3965a5&vscodeBrowserReqId=1749256074592 200 in 22ms
 ✓ Compiled in 162ms (656 modules)
 GET /?id=bc932f21-8ee5-4371-b155-8fe7cb3965a5&vscodeBrowserReqId=1749256074592 200 in 135ms
 ✓ Compiled in 186ms (656 modules)
 ✓ Compiled in 158ms (656 modules)
 ✓ Compiled in 146ms (656 modules)
 ✓ Compiled in 147ms (656 modules)
 ✓ Compiled in 156ms (656 modules)
 ✓ Compiled in 148ms (656 modules)
 ✓ Compiled in 167ms (656 modules)
 ✓ Compiled in 138ms (656 modules)
 ✓ Compiled in 144ms (656 modules)
 ✓ Compiled in 152ms (656 modules)
 ✓ Compiled in 163ms (656 modules)
 ✓ Compiled in 138ms (656 modules)
 ✓ Compiled in 143ms (656 modules)
 ✓ Compiled in 148ms (656 modules)
 ✓ Compiled in 156ms (656 modules)
 ✓ Compiled in 145ms (656 modules)
 ✓ Compiled in 163ms (656 modules)
 ✓ Compiled in 157ms (656 modules)
 ✓ Compiled in 163ms (656 modules)
 ✓ Compiled in 148ms (656 modules)
 ✓ Compiled in 151ms (656 modules)
 ✓ Compiled in 171ms (656 modules)
 ✓ Compiled in 153ms (656 modules)
 ✓ Compiled in 153ms (656 modules)
 ✓ Compiled in 149ms (656 modules)
 ✓ Compiled in 154ms (656 modules)
 ✓ Compiled in 177ms (656 modules)
 ✓ Compiled in 186ms (656 modules)
 ✓ Compiled in 255ms (656 modules)
 ✓ Compiled in 184ms (656 modules)
 ✓ Compiled in 180ms (656 modules)
 ✓ Compiled in 180ms (656 modules)
 ✓ Compiled in 168ms (656 modules)
 ✓ Compiled in 188ms (656 modules)
 ✓ Compiled in 249ms (656 modules)
 ✓ Compiled in 315ms (656 modules)
 ✓ Compiled in 209ms (656 modules)
 ✓ Compiled in 256ms (656 modules)
 ✓ Compiled in 301ms (656 modules)
 ✓ Compiled in 219ms (656 modules)
 ✓ Compiled in 215ms (656 modules)
 ✓ Compiled in 219ms (656 modules)
 ✓ Compiled in 217ms (656 modules)
 ✓ Compiled in 215ms (656 modules)
 ✓ Compiled in 178ms (656 modules)
 ✓ Compiled in 201ms (656 modules)
 ✓ Compiled in 191ms (656 modules)
 ✓ Compiled in 193ms (656 modules)
 ✓ Compiled in 239ms (656 modules)
 ✓ Compiled in 280ms (656 modules)
 ✓ Compiled in 349ms (656 modules)
 ✓ Compiled in 243ms (656 modules)
 ✓ Compiled in 216ms (656 modules)
 ✓ Compiled in 176ms (656 modules)
 ✓ Compiled in 181ms (656 modules)
 ✓ Compiled in 191ms (656 modules)
 ✓ Compiled in 177ms (656 modules)
 ✓ Compiled in 240ms (656 modules)
 ✓ Compiled in 226ms (656 modules)
 ✓ Compiled in 192ms (656 modules)
 ✓ Compiled in 206ms (656 modules)
 ✓ Compiled in 214ms (656 modules)
 ✓ Compiled in 195ms (656 modules)
 ✓ Compiled in 225ms (656 modules)
 ✓ Compiled in 193ms (656 modules)
 ✓ Compiled in 212ms (656 modules)
 ✓ Compiled in 223ms (656 modules)
 ✓ Compiled in 187ms (656 modules)
 ✓ Compiled in 212ms (656 modules)
 ✓ Compiled in 221ms (656 modules)
 ✓ Compiled in 156ms (656 modules)
 ✓ Compiled in 184ms (656 modules)
 ✓ Compiled in 239ms (656 modules)
 ✓ Compiled in 180ms (656 modules)
 ✓ Compiled in 168ms (656 modules)
 ✓ Compiled in 155ms (656 modules)
 ✓ Compiled in 142ms (656 modules)
 ✓ Compiled in 157ms (656 modules)
 ✓ Compiled in 226ms (656 modules)
 ✓ Compiled in 191ms (656 modules)
 ✓ Compiled in 353ms (656 modules)
 ✓ Compiled in 236ms (656 modules)
 ✓ Compiled in 239ms (656 modules)
 ✓ Compiled in 277ms (656 modules)
 ✓ Compiled in 246ms (656 modules)
 ✓ Compiled in 238ms (656 modules)
 ✓ Compiled in 226ms (656 modules)
 ✓ Compiled in 180ms (656 modules)
 ✓ Compiled in 161ms (656 modules)
 ✓ Compiled in 186ms (656 modules)
 ✓ Compiled in 190ms (656 modules)
 ✓ Compiled in 195ms (656 modules)
 ✓ Compiled in 151ms (656 modules)
 ✓ Compiled in 194ms (656 modules)
 ✓ Compiled in 192ms (656 modules)
 ✓ Compiled in 187ms (656 modules)
 ✓ Compiled in 169ms (656 modules)
 ✓ Compiled in 170ms (656 modules)
 ✓ Compiled in 184ms (656 modules)
 ✓ Compiled in 209ms (656 modules)
 ✓ Compiled in 176ms (656 modules)
 ✓ Compiled in 163ms (656 modules)
 ✓ Compiled in 199ms (656 modules)
 ✓ Compiled in 180ms (656 modules)
 ✓ Compiled in 176ms (656 modules)
 ✓ Compiled in 172ms (656 modules)
 ✓ Compiled in 168ms (656 modules)
 ✓ Compiled in 162ms (656 modules)
 ✓ Compiled in 165ms (656 modules)
 ✓ Compiled in 168ms (656 modules)
 ✓ Compiled in 167ms (656 modules)
 ✓ Compiled in 193ms (656 modules)
 ✓ Compiled in 692ms (656 modules)
 ✓ Compiled in 223ms (656 modules)
 ✓ Compiled in 182ms (656 modules)
 ✓ Compiled in 206ms (656 modules)
 ✓ Compiled in 203ms (656 modules)
 ✓ Compiled in 183ms (656 modules)
 ✓ Compiled in 169ms (656 modules)
 ✓ Compiled in 261ms (656 modules)
 ✓ Compiled in 275ms (656 modules)
 ✓ Compiled in 257ms (656 modules)
 ✓ Compiled in 166ms (656 modules)
 ✓ Compiled in 159ms (656 modules)
 ✓ Compiled in 169ms (656 modules)
 ✓ Compiled in 167ms (656 modules)
 ✓ Compiled in 151ms (656 modules)
 ✓ Compiled in 173ms (656 modules)
 ✓ Compiled in 188ms (656 modules)
 ✓ Compiled in 160ms (656 modules)
 ✓ Compiled in 156ms (656 modules)
 ✓ Compiled in 198ms (656 modules)
 ✓ Compiled in 170ms (656 modules)
 ✓ Compiled in 175ms (656 modules)
 ✓ Compiled in 183ms (656 modules)
 ✓ Compiled in 243ms (656 modules)
 ✓ Compiled in 291ms (656 modules)
 ✓ Compiled in 152ms (656 modules)
 ✓ Compiled in 182ms (656 modules)
 ✓ Compiled in 157ms (656 modules)
 ✓ Compiled in 193ms (656 modules)
 ✓ Compiled in 241ms (656 modules)
 ✓ Compiled in 151ms (656 modules)
 ✓ Compiled in 150ms (656 modules)
 ✓ Compiled in 182ms (656 modules)
 ✓ Compiled in 157ms (656 modules)
 ✓ Compiled in 276ms (656 modules)
 ✓ Compiled in 263ms (656 modules)
 ✓ Compiled in 270ms (656 modules)
 ✓ Compiled in 156ms (656 modules)
 ✓ Compiled in 177ms (656 modules)
 ✓ Compiled in 147ms (656 modules)
 ✓ Compiled in 153ms (656 modules)
 ✓ Compiled in 162ms (656 modules)
 ✓ Compiled in 186ms (656 modules)
 ✓ Compiled in 160ms (656 modules)
 ✓ Compiled in 164ms (656 modules)
 ✓ Compiled in 156ms (656 modules)
 ✓ Compiled in 167ms (656 modules)
 ✓ Compiled in 148ms (656 modules)
 ✓ Compiled in 166ms (656 modules)
 ✓ Compiled in 181ms (656 modules)
 ✓ Compiled in 142ms (656 modules)
 ✓ Compiled in 181ms (656 modules)
 ✓ Compiled in 187ms (656 modules)
 ✓ Compiled in 180ms (656 modules)
 ✓ Compiled in 211ms (656 modules)
 ✓ Compiled in 239ms (656 modules)
 ✓ Compiled in 156ms (656 modules)
 ✓ Compiled in 155ms (656 modules)
 ✓ Compiled in 169ms (656 modules)
 ✓ Compiled in 172ms (656 modules)
 ✓ Compiled in 175ms (656 modules)
 ✓ Compiled in 181ms (656 modules)
 ✓ Compiled in 202ms (656 modules)
 ✓ Compiled in 195ms (656 modules)
 ✓ Compiled in 192ms (656 modules)
 ✓ Compiled in 171ms (656 modules)
 ✓ Compiled in 187ms (656 modules)
 ✓ Compiled in 177ms (656 modules)
 ✓ Compiled in 225ms (656 modules)
 ✓ Compiled in 267ms (656 modules)
 ✓ Compiled in 242ms (656 modules)
 ✓ Compiled in 195ms (656 modules)
 ✓ Compiled in 159ms (656 modules)
 ✓ Compiled in 180ms (656 modules)
 ✓ Compiled in 202ms (656 modules)
 ✓ Compiled in 157ms (656 modules)
 ✓ Compiled in 170ms (656 modules)
 ✓ Compiled in 141ms (656 modules)
 ✓ Compiled in 178ms (656 modules)
 ✓ Compiled in 156ms (656 modules)
 ✓ Compiled in 175ms (656 modules)
 ✓ Compiled in 209ms (656 modules)
 ✓ Compiled in 200ms (656 modules)
 ✓ Compiled in 204ms (656 modules)
 ✓ Compiled in 194ms (656 modules)
 ✓ Compiled in 227ms (656 modules)
 ✓ Compiled in 218ms (656 modules)
 ✓ Compiled in 280ms (656 modules)
 ✓ Compiled in 151ms (656 modules)
 ✓ Compiled in 151ms (656 modules)
 ✓ Compiled in 239ms (656 modules)
 ✓ Compiled in 167ms (656 modules)
 ✓ Compiled in 142ms (656 modules)
 ✓ Compiled in 163ms (656 modules)
 ✓ Compiled in 207ms (656 modules)
 ✓ Compiled in 169ms (656 modules)
 ✓ Compiled in 202ms (656 modules)
 ✓ Compiled in 152ms (656 modules)
 ✓ Compiled in 243ms (656 modules)
 ✓ Compiled in 178ms (656 modules)
 ✓ Compiled in 171ms (656 modules)
 ✓ Compiled in 221ms (656 modules)
 ✓ Compiled in 186ms (656 modules)
 ✓ Compiled in 175ms (656 modules)
 ✓ Compiled in 197ms (656 modules)
 ✓ Compiled in 166ms (656 modules)
 ✓ Compiled in 151ms (656 modules)
 ✓ Compiled in 153ms (656 modules)
 ✓ Compiled in 201ms (656 modules)
 ✓ Compiled in 173ms (656 modules)
 ✓ Compiled in 151ms (656 modules)
 ✓ Compiled in 144ms (656 modules)
 ✓ Compiled in 154ms (656 modules)
 ✓ Compiled in 156ms (656 modules)
 ✓ Compiled in 146ms (656 modules)
 ✓ Compiled in 269ms (656 modules)
 ✓ Compiled in 183ms (656 modules)
 ✓ Compiled in 183ms (656 modules)
 ✓ Compiled in 182ms (656 modules)
 ✓ Compiled in 197ms (656 modules)
 ✓ Compiled in 200ms (656 modules)
 ✓ Compiled in 161ms (656 modules)
 ✓ Compiled in 195ms (656 modules)
 ✓ Compiled in 161ms (656 modules)
 ✓ Compiled in 162ms (656 modules)
 ✓ Compiled in 175ms (656 modules)
 ✓ Compiled in 174ms (656 modules)
 ✓ Compiled in 150ms (656 modules)
 ✓ Compiled in 157ms (656 modules)
 ✓ Compiled in 197ms (656 modules)
 ✓ Compiled in 162ms (656 modules)
 ✓ Compiled in 164ms (656 modules)
 ✓ Compiled in 246ms (656 modules)
 ✓ Compiled in 230ms (656 modules)
 ✓ Compiled in 182ms (656 modules)
 ✓ Compiled in 226ms (656 modules)
 ✓ Compiled in 177ms (656 modules)
 ✓ Compiled in 162ms (656 modules)
 ✓ Compiled in 138ms (656 modules)
 ✓ Compiled in 153ms (656 modules)
 ✓ Compiled in 148ms (656 modules)
 ✓ Compiled in 148ms (656 modules)
 ✓ Compiled in 180ms (656 modules)
 ✓ Compiled in 179ms (656 modules)
 ✓ Compiled in 144ms (656 modules)
 ✓ Compiled in 146ms (656 modules)
 ✓ Compiled in 135ms (656 modules)
 ✓ Compiled in 146ms (656 modules)
 ✓ Compiled in 243ms (656 modules)
 ✓ Compiled in 261ms (656 modules)
 ✓ Compiled in 239ms (656 modules)
 ✓ Compiled in 255ms (656 modules)
 ✓ Compiled in 218ms (656 modules)
 ✓ Compiled in 202ms (656 modules)
 ✓ Compiled in 307ms (656 modules)
 ✓ Compiled in 196ms (656 modules)
 ✓ Compiled in 174ms (656 modules)
 ✓ Compiled in 244ms (656 modules)
 ✓ Compiled in 245ms (656 modules)
 ✓ Compiled in 193ms (656 modules)
 ✓ Compiled in 205ms (656 modules)
 ✓ Compiled in 255ms (656 modules)
 ✓ Compiled in 271ms (656 modules)
 ✓ Compiled in 254ms (656 modules)
 ✓ Compiled in 242ms (656 modules)
 ✓ Compiled in 249ms (656 modules)
 ✓ Compiled in 193ms (656 modules)
 ✓ Compiled in 176ms (656 modules)
 ✓ Compiled in 173ms (656 modules)
 ✓ Compiled in 192ms (656 modules)
 ✓ Compiled in 201ms (656 modules)
 ✓ Compiled in 249ms (656 modules)
 ✓ Compiled in 222ms (656 modules)
 ✓ Compiled in 196ms (656 modules)
 ✓ Compiled in 214ms (656 modules)
 ✓ Compiled in 219ms (656 modules)
 ✓ Compiled in 233ms (656 modules)
 ✓ Compiled in 250ms (656 modules)
 ✓ Compiled in 267ms (656 modules)
 ✓ Compiled in 217ms (656 modules)
 ✓ Compiled in 171ms (656 modules)
 ✓ Compiled in 267ms (656 modules)
 ✓ Compiled in 238ms (656 modules)
 ✓ Compiled in 154ms (656 modules)
 ✓ Compiled in 163ms (656 modules)
 ✓ Compiled in 179ms (656 modules)
 ✓ Compiled in 173ms (656 modules)
 ✓ Compiled in 152ms (656 modules)
 ✓ Compiled in 171ms (656 modules)
 ✓ Compiled in 162ms (656 modules)
 ✓ Compiled in 153ms (656 modules)
 ✓ Compiled in 138ms (656 modules)
 ✓ Compiled in 158ms (656 modules)
 ✓ Compiled in 178ms (656 modules)
 ✓ Compiled in 147ms (656 modules)
 ✓ Compiled in 161ms (656 modules)
 ✓ Compiled in 237ms (656 modules)
 ✓ Compiled in 184ms (656 modules)
 ✓ Compiled in 200ms (656 modules)
 ✓ Compiled in 160ms (656 modules)
 ✓ Compiled in 180ms (656 modules)
 ✓ Compiled in 170ms (656 modules)
 ✓ Compiled in 201ms (656 modules)
 ✓ Compiled in 172ms (656 modules)
 ✓ Compiled in 186ms (656 modules)
 ✓ Compiled in 164ms (656 modules)
 ✓ Compiled in 144ms (656 modules)
 ✓ Compiled in 161ms (656 modules)
 ✓ Compiled in 139ms (656 modules)
 ✓ Compiled in 149ms (656 modules)
 ✓ Compiled in 226ms (656 modules)
 ✓ Compiled in 178ms (656 modules)
 ✓ Compiled in 145ms (656 modules)
 ✓ Compiled in 146ms (656 modules)
 ✓ Compiled in 163ms (656 modules)
 ✓ Compiled in 140ms (656 modules)
 ✓ Compiled in 150ms (656 modules)
 ✓ Compiled in 158ms (656 modules)
 ✓ Compiled in 190ms (656 modules)
 ✓ Compiled in 194ms (656 modules)
 ✓ Compiled in 153ms (656 modules)
 ✓ Compiled in 159ms (656 modules)
 ✓ Compiled in 154ms (656 modules)
 ✓ Compiled in 146ms (656 modules)
 ✓ Compiled in 182ms (656 modules)
 ✓ Compiled in 176ms (656 modules)
 ✓ Compiled in 150ms (656 modules)
 ✓ Compiled in 159ms (656 modules)
 ✓ Compiled in 154ms (656 modules)
 ✓ Compiled in 195ms (656 modules)
 ✓ Compiled in 152ms (656 modules)
 ✓ Compiled in 145ms (656 modules)
 ✓ Compiled in 170ms (656 modules)
 ✓ Compiled in 183ms (656 modules)
 ✓ Compiled in 239ms (656 modules)
 ✓ Compiled in 146ms (656 modules)
 ✓ Compiled in 147ms (656 modules)
 ✓ Compiled in 157ms (656 modules)
 ✓ Compiled in 151ms (656 modules)
 ✓ Compiled in 158ms (656 modules)
 ✓ Compiled in 149ms (656 modules)
 ✓ Compiled in 145ms (656 modules)
 ✓ Compiled in 165ms (656 modules)
 ✓ Compiled in 151ms (656 modules)
 ✓ Compiled in 156ms (656 modules)
 ✓ Compiled in 164ms (656 modules)
 ✓ Compiled in 156ms (656 modules)
 ✓ Compiled in 144ms (656 modules)
 ✓ Compiled in 147ms (656 modules)
 ✓ Compiled in 167ms (656 modules)
 ✓ Compiled in 145ms (656 modules)
 ✓ Compiled in 151ms (656 modules)
 ✓ Compiled in 158ms (656 modules)
 ✓ Compiled in 141ms (656 modules)
 ✓ Compiled in 148ms (656 modules)
 ✓ Compiled in 202ms (656 modules)
 ✓ Compiled in 170ms (656 modules)
 ✓ Compiled in 167ms (656 modules)
 ✓ Compiled in 140ms (656 modules)
 ✓ Compiled in 189ms (656 modules)
 ✓ Compiled in 206ms (656 modules)
 ✓ Compiled in 143ms (656 modules)
 ✓ Compiled in 148ms (656 modules)
 ✓ Compiled in 170ms (656 modules)
 ✓ Compiled in 163ms (656 modules)
 ✓ Compiled in 144ms (656 modules)
 ✓ Compiled in 227ms (656 modules)
 ✓ Compiled in 163ms (656 modules)
 ✓ Compiled in 139ms (656 modules)
 ✓ Compiled in 130ms (656 modules)
 ✓ Compiled in 146ms (656 modules)
 ✓ Compiled in 130ms (656 modules)
 ✓ Compiled in 155ms (656 modules)
 ✓ Compiled in 152ms (656 modules)
 ✓ Compiled in 149ms (656 modules)
 ✓ Compiled in 148ms (656 modules)
 ✓ Compiled in 166ms (656 modules)
 ✓ Compiled in 202ms (656 modules)
 ✓ Compiled in 180ms (656 modules)
 ✓ Compiled in 626ms (1146 modules)
 ✓ Compiled in 182ms (656 modules)
 ✓ Compiled in 193ms (656 modules)
 ✓ Compiled in 201ms (656 modules)
 ✓ Compiled in 156ms (656 modules)
 ✓ Compiled in 133ms (656 modules)
 ✓ Compiled in 131ms (656 modules)
 ✓ Compiled in 145ms (656 modules)
 ✓ Compiled in 128ms (656 modules)
 ✓ Compiled in 146ms (656 modules)
 ✓ Compiled in 131ms (656 modules)
 ✓ Compiled in 168ms (656 modules)
 ✓ Compiled in 136ms (656 modules)
 ✓ Compiled in 173ms (656 modules)
 ✓ Compiled in 150ms (656 modules)
 ✓ Compiled in 162ms (656 modules)
 ✓ Compiled in 141ms (656 modules)
 ✓ Compiled in 135ms (656 modules)
 ✓ Compiled in 169ms (656 modules)
 ✓ Compiled in 671ms (1146 modules)
 ✓ Compiled in 177ms (656 modules)
 ✓ Compiled in 265ms (656 modules)
 ✓ Compiled in 255ms (656 modules)
 ✓ Compiled in 169ms (656 modules)
 ✓ Compiled in 163ms (656 modules)
 ✓ Compiled in 192ms (656 modules)
 ✓ Compiled in 179ms (656 modules)
 ✓ Compiled in 161ms (656 modules)
 ✓ Compiled in 180ms (656 modules)
 ✓ Compiled in 179ms (656 modules)
 ✓ Compiled in 205ms (656 modules)
 ✓ Compiled in 174ms (656 modules)
 ✓ Compiled in 228ms (656 modules)
 ✓ Compiled in 245ms (656 modules)
 ✓ Compiled in 289ms (656 modules)
 ✓ Compiled in 287ms (656 modules)
 ✓ Compiled in 259ms (656 modules)
 ✓ Compiled in 245ms (656 modules)
 ✓ Compiled in 245ms (656 modules)
 ✓ Compiled in 273ms (656 modules)
 ✓ Compiled in 237ms (656 modules)
 ✓ Compiled in 256ms (656 modules)
 ✓ Compiled in 203ms (656 modules)
 ✓ Compiled in 218ms (656 modules)
 ✓ Compiled in 245ms (656 modules)
 ✓ Compiled in 188ms (656 modules)
 ✓ Compiled in 204ms (656 modules)
 ✓ Compiled in 230ms (656 modules)
 ✓ Compiled in 206ms (656 modules)
 ✓ Compiled in 195ms (656 modules)
 ✓ Compiled in 169ms (656 modules)
 ✓ Compiled in 184ms (656 modules)
 ✓ Compiled in 202ms (656 modules)
 ✓ Compiled in 201ms (656 modules)
 ✓ Compiled in 189ms (656 modules)
 ✓ Compiled in 202ms (656 modules)
 ✓ Compiled in 182ms (656 modules)
 ✓ Compiled in 164ms (656 modules)
 ✓ Compiled in 149ms (656 modules)
 ✓ Compiled in 149ms (656 modules)
 ✓ Compiled in 150ms (656 modules)
 ✓ Compiled in 155ms (656 modules)
 ✓ Compiled in 188ms (656 modules)
 ✓ Compiled in 284ms (656 modules)
 ✓ Compiled in 176ms (656 modules)
 ✓ Compiled in 182ms (656 modules)
 ✓ Compiled in 153ms (656 modules)
 ✓ Compiled in 158ms (656 modules)
 ✓ Compiled in 166ms (656 modules)
 ✓ Compiled in 137ms (656 modules)
 ✓ Compiled in 177ms (656 modules)
 ✓ Compiled in 166ms (656 modules)
 ✓ Compiled in 185ms (656 modules)
 ✓ Compiled in 178ms (656 modules)
 ✓ Compiled in 172ms (656 modules)
 ✓ Compiled in 163ms (656 modules)
 ✓ Compiled in 153ms (656 modules)
 ✓ Compiled in 159ms (656 modules)
 ✓ Compiled in 175ms (656 modules)
 ✓ Compiled in 163ms (656 modules)
 ✓ Compiled in 191ms (656 modules)
 ✓ Compiled in 156ms (656 modules)
 ✓ Compiled in 243ms (656 modules)
 ✓ Compiled in 157ms (656 modules)
 ✓ Compiled in 158ms (656 modules)
 ✓ Compiled in 137ms (656 modules)
 ✓ Compiled in 137ms (656 modules)
 ✓ Compiled in 148ms (656 modules)
 ✓ Compiled in 153ms (656 modules)
 ✓ Compiled in 182ms (656 modules)
 ✓ Compiled in 145ms (656 modules)
 ✓ Compiled in 145ms (656 modules)
 ✓ Compiled in 182ms (656 modules)
 ✓ Compiled in 139ms (656 modules)
 ✓ Compiled in 142ms (656 modules)
 ✓ Compiled in 154ms (656 modules)
 ✓ Compiled in 152ms (656 modules)
 ✓ Compiled in 141ms (656 modules)
 ✓ Compiled in 140ms (656 modules)
 ✓ Compiled in 136ms (656 modules)
 ✓ Compiled in 145ms (656 modules)
 ✓ Compiled in 146ms (656 modules)
 ✓ Compiled in 138ms (656 modules)
 ✓ Compiled in 186ms (656 modules)
 ✓ Compiled in 774ms (1146 modules)
 ✓ Compiled in 164ms (656 modules)
 ✓ Compiled in 217ms (656 modules)
 ✓ Compiled in 251ms (656 modules)
 ✓ Compiled in 244ms (656 modules)
 ✓ Compiled in 153ms (656 modules)
 ✓ Compiled in 173ms (656 modules)
 ✓ Compiled in 190ms (656 modules)
 ✓ Compiled in 174ms (656 modules)
 ✓ Compiled in 139ms (656 modules)
 ✓ Compiled in 191ms (656 modules)
 ✓ Compiled in 156ms (656 modules)
 ✓ Compiled in 145ms (656 modules)
 ✓ Compiled in 142ms (656 modules)
 ✓ Compiled in 177ms (656 modules)
 ✓ Compiled in 163ms (656 modules)
 ✓ Compiled in 180ms (656 modules)
 ✓ Compiled in 191ms (656 modules)
 ✓ Compiled in 190ms (656 modules)
 ✓ Compiled in 151ms (656 modules)
 ✓ Compiled in 193ms (656 modules)
 ✓ Compiled in 178ms (656 modules)
 ✓ Compiled in 202ms (656 modules)
 ✓ Compiled in 172ms (656 modules)
 ✓ Compiled in 151ms (656 modules)
 ✓ Compiled in 337ms (656 modules)
 ✓ Compiled in 201ms (656 modules)
 ✓ Compiled in 185ms (656 modules)
 ✓ Compiled in 146ms (656 modules)
 ✓ Compiled in 168ms (656 modules)
 ✓ Compiled in 184ms (656 modules)
 ✓ Compiled in 207ms (656 modules)
 ✓ Compiled in 150ms (656 modules)
 ✓ Compiled in 166ms (656 modules)
 ✓ Compiled in 151ms (656 modules)
 ✓ Compiled in 144ms (656 modules)
 ✓ Compiled in 149ms (656 modules)
 ✓ Compiled in 162ms (656 modules)
 ✓ Compiled in 149ms (656 modules)
 ✓ Compiled in 155ms (656 modules)
 ✓ Compiled in 159ms (656 modules)
 ✓ Compiled in 210ms (656 modules)
 ✓ Compiled in 173ms (656 modules)
 ✓ Compiled in 179ms (656 modules)
 ✓ Compiled in 163ms (656 modules)
 ✓ Compiled in 147ms (656 modules)
 ✓ Compiled in 155ms (656 modules)
 ✓ Compiled in 152ms (656 modules)
 ✓ Compiled in 152ms (656 modules)
 ✓ Compiled in 140ms (656 modules)
 ✓ Compiled in 135ms (656 modules)
 ✓ Compiled in 158ms (656 modules)
 ✓ Compiled in 158ms (656 modules)
 ✓ Compiled in 174ms (656 modules)
 ✓ Compiled in 172ms (656 modules)
 ✓ Compiled in 204ms (656 modules)
 ✓ Compiled in 163ms (656 modules)
 ✓ Compiled in 183ms (656 modules)
 ✓ Compiled in 178ms (656 modules)
 ✓ Compiled in 171ms (656 modules)
 ✓ Compiled in 167ms (656 modules)
 ✓ Compiled in 181ms (656 modules)
 ✓ Compiled in 175ms (656 modules)
 ✓ Compiled in 506ms (1146 modules)
 ✓ Compiled in 185ms (656 modules)
 ✓ Compiled in 187ms (656 modules)
 ✓ Compiled in 207ms (656 modules)
 ✓ Compiled in 189ms (656 modules)
 ✓ Compiled in 153ms (656 modules)
 ✓ Compiled in 145ms (656 modules)
 ✓ Compiled in 151ms (656 modules)
 ✓ Compiled in 149ms (656 modules)
 ✓ Compiled in 151ms (656 modules)
 ✓ Compiled in 199ms (656 modules)
 ✓ Compiled in 161ms (656 modules)
 ✓ Compiled in 153ms (656 modules)
 ✓ Compiled in 154ms (656 modules)
 ✓ Compiled in 185ms (656 modules)
 ✓ Compiled in 165ms (656 modules)
 ✓ Compiled in 143ms (656 modules)
 ✓ Compiled in 213ms (656 modules)
 ✓ Compiled in 264ms (656 modules)
 ✓ Compiled in 183ms (656 modules)
 ✓ Compiled in 160ms (656 modules)
 ✓ Compiled in 153ms (656 modules)
 ✓ Compiled in 231ms (656 modules)
 ✓ Compiled in 187ms (656 modules)
 ✓ Compiled in 151ms (656 modules)
 ✓ Compiled in 180ms (656 modules)
 ✓ Compiled in 161ms (656 modules)
 ✓ Compiled in 203ms (656 modules)
 ✓ Compiled in 166ms (656 modules)
 ✓ Compiled in 164ms (656 modules)
 ✓ Compiled in 168ms (656 modules)
 ✓ Compiled in 185ms (656 modules)
 ✓ Compiled in 156ms (656 modules)
 ✓ Compiled in 136ms (656 modules)
 ✓ Compiled in 141ms (656 modules)
 ✓ Compiled in 179ms (656 modules)
 ✓ Compiled in 140ms (656 modules)
 ✓ Compiled in 141ms (656 modules)
 ✓ Compiled in 149ms (656 modules)
 ✓ Compiled in 139ms (656 modules)
 ✓ Compiled in 362ms (1146 modules)
 ✓ Compiled in 158ms (656 modules)
 ✓ Compiled in 179ms (656 modules)
 ✓ Compiled in 181ms (656 modules)
 ✓ Compiled in 167ms (656 modules)
 ✓ Compiled in 168ms (656 modules)
 ✓ Compiled in 169ms (656 modules)
 ✓ Compiled in 180ms (656 modules)
 ✓ Compiled in 162ms (656 modules)
 ✓ Compiled in 166ms (656 modules)
 ✓ Compiled in 138ms (656 modules)
 ✓ Compiled in 143ms (656 modules)
 ✓ Compiled in 137ms (656 modules)
 ✓ Compiled in 144ms (656 modules)
 ✓ Compiled in 150ms (656 modules)
 ✓ Compiled in 135ms (656 modules)
 ✓ Compiled in 143ms (656 modules)
 ✓ Compiled in 149ms (656 modules)
 ✓ Compiled in 142ms (656 modules)
 ✓ Compiled in 146ms (656 modules)
 ✓ Compiled in 135ms (656 modules)
 ✓ Compiled in 176ms (656 modules)
 ✓ Compiled in 147ms (656 modules)
 ✓ Compiled in 158ms (656 modules)
 ✓ Compiled in 167ms (656 modules)
 ✓ Compiled in 191ms (656 modules)
 ✓ Compiled in 158ms (656 modules)
 ✓ Compiled in 182ms (656 modules)
 ✓ Compiled in 195ms (656 modules)
 ✓ Compiled in 214ms (656 modules)
 ✓ Compiled in 139ms (656 modules)
 ✓ Compiled in 142ms (656 modules)
 ✓ Compiled in 131ms (656 modules)
 ✓ Compiled in 130ms (656 modules)
 ✓ Compiled in 150ms (656 modules)
 ✓ Compiled in 150ms (656 modules)
 ✓ Compiled in 147ms (656 modules)
 ✓ Compiled in 162ms (656 modules)
 ✓ Compiled in 198ms (656 modules)
 ✓ Compiled in 171ms (656 modules)
 ✓ Compiled in 162ms (656 modules)
 ✓ Compiled in 145ms (656 modules)
 ✓ Compiled in 174ms (656 modules)
 ✓ Compiled in 243ms (656 modules)
 ✓ Compiled in 197ms (656 modules)
 ✓ Compiled in 190ms (656 modules)
 ✓ Compiled in 171ms (656 modules)
 ✓ Compiled in 160ms (656 modules)
 ✓ Compiled in 142ms (656 modules)
 ✓ Compiled in 135ms (656 modules)
 ✓ Compiled in 137ms (656 modules)
 ✓ Compiled in 173ms (656 modules)
 ✓ Compiled in 161ms (656 modules)
 ✓ Compiled in 268ms (656 modules)
 ✓ Compiled in 206ms (656 modules)
 ✓ Compiled in 178ms (656 modules)
 ✓ Compiled in 157ms (656 modules)
 ✓ Compiled in 172ms (656 modules)
 ✓ Compiled in 170ms (656 modules)
 ✓ Compiled in 176ms (656 modules)
 ✓ Compiled in 149ms (656 modules)
 ✓ Compiled in 153ms (656 modules)
 ✓ Compiled in 183ms (656 modules)
 ✓ Compiled in 215ms (656 modules)
 ✓ Compiled in 161ms (656 modules)
 ✓ Compiled in 136ms (656 modules)
 ✓ Compiled in 169ms (656 modules)
 ✓ Compiled in 172ms (656 modules)
 ✓ Compiled in 147ms (656 modules)
 ✓ Compiled in 172ms (656 modules)
 ✓ Compiled in 158ms (656 modules)
 ✓ Compiled in 170ms (656 modules)
 ✓ Compiled in 211ms (656 modules)
 ✓ Compiled in 159ms (656 modules)
 ✓ Compiled in 170ms (656 modules)
 ✓ Compiled in 155ms (656 modules)
 ✓ Compiled in 159ms (656 modules)
 ✓ Compiled in 202ms (656 modules)
 ✓ Compiled in 191ms (656 modules)
 ✓ Compiled in 187ms (656 modules)
 ✓ Compiled in 164ms (656 modules)
 ✓ Compiled in 191ms (656 modules)
 ✓ Compiled in 147ms (656 modules)
 ✓ Compiled in 197ms (656 modules)
 ✓ Compiled in 157ms (656 modules)
 ✓ Compiled in 157ms (656 modules)
 ✓ Compiled in 168ms (656 modules)
 ✓ Compiled in 228ms (656 modules)
 ✓ Compiled in 177ms (656 modules)
 ✓ Compiled in 150ms (656 modules)
 ✓ Compiled in 150ms (656 modules)
 ✓ Compiled in 140ms (656 modules)
 ✓ Compiled in 147ms (656 modules)
 ✓ Compiled in 164ms (656 modules)
 ✓ Compiled in 170ms (656 modules)
 ✓ Compiled in 182ms (656 modules)
 ✓ Compiled in 242ms (656 modules)
 ✓ Compiled in 206ms (656 modules)
 ✓ Compiled in 143ms (656 modules)
 ✓ Compiled in 157ms (656 modules)
 ✓ Compiled in 171ms (656 modules)
 ✓ Compiled in 185ms (656 modules)
 ✓ Compiled in 199ms (656 modules)
 ✓ Compiled in 189ms (656 modules)
 ✓ Compiled in 220ms (656 modules)
 ✓ Compiled in 161ms (656 modules)
 ✓ Compiled in 203ms (656 modules)
 ✓ Compiled in 157ms (656 modules)
 ✓ Compiled in 235ms (656 modules)
 ✓ Compiled in 189ms (656 modules)
 ✓ Compiled in 183ms (656 modules)
 ✓ Compiled in 223ms (656 modules)
 ✓ Compiled in 190ms (656 modules)
 ✓ Compiled in 178ms (656 modules)
 ✓ Compiled in 172ms (656 modules)
 ✓ Compiled in 176ms (656 modules)
 ✓ Compiled in 179ms (656 modules)
 ✓ Compiled in 188ms (656 modules)
 ✓ Compiled in 174ms (656 modules)
 ✓ Compiled in 157ms (656 modules)
 ✓ Compiled in 157ms (656 modules)
 ✓ Compiled in 236ms (656 modules)
 ✓ Compiled in 196ms (656 modules)
 ✓ Compiled in 161ms (656 modules)
 ✓ Compiled in 156ms (656 modules)
 ✓ Compiled in 158ms (656 modules)
 ✓ Compiled in 154ms (656 modules)
 ✓ Compiled in 135ms (656 modules)
 ✓ Compiled in 134ms (656 modules)
 ✓ Compiled in 136ms (656 modules)
 ✓ Compiled in 146ms (656 modules)
 ✓ Compiled in 146ms (656 modules)
 ✓ Compiled in 148ms (656 modules)
 ✓ Compiled in 159ms (656 modules)
 ✓ Compiled in 230ms (656 modules)
 ✓ Compiled in 150ms (656 modules)
 ✓ Compiled in 140ms (656 modules)
 ✓ Compiled in 180ms (656 modules)
 ✓ Compiled in 146ms (656 modules)
 ✓ Compiled in 152ms (656 modules)
 ✓ Compiled in 157ms (656 modules)
 ✓ Compiled in 141ms (656 modules)
 ✓ Compiled in 164ms (656 modules)
 ✓ Compiled in 158ms (656 modules)
 ✓ Compiled in 164ms (656 modules)
 ✓ Compiled in 149ms (656 modules)
 ✓ Compiled in 142ms (656 modules)
 ✓ Compiled in 157ms (656 modules)
 ✓ Compiled in 166ms (656 modules)
 ✓ Compiled in 156ms (656 modules)
 ✓ Compiled in 143ms (656 modules)
 ✓ Compiled in 161ms (656 modules)
 ✓ Compiled in 176ms (656 modules)
 ✓ Compiled in 155ms (656 modules)
 ✓ Compiled in 194ms (656 modules)
 ✓ Compiled in 149ms (656 modules)
 ✓ Compiled in 161ms (656 modules)
 ✓ Compiled in 156ms (656 modules)
 ✓ Compiled in 149ms (656 modules)
 ✓ Compiled in 139ms (656 modules)
 ✓ Compiled in 161ms (656 modules)
 ✓ Compiled in 205ms (656 modules)
 ✓ Compiled in 147ms (656 modules)
 ✓ Compiled in 160ms (656 modules)
 ✓ Compiled in 159ms (656 modules)
 ✓ Compiled in 158ms (656 modules)
 ✓ Compiled in 151ms (656 modules)
 ✓ Compiled in 150ms (656 modules)
 ✓ Compiled in 167ms (656 modules)
 ✓ Compiled in 167ms (656 modules)
 ✓ Compiled in 218ms (656 modules)
 ✓ Compiled in 176ms (656 modules)
 ✓ Compiled in 199ms (656 modules)
 ✓ Compiled in 154ms (656 modules)
 ✓ Compiled in 148ms (656 modules)
 ✓ Compiled in 158ms (656 modules)
 ✓ Compiled in 165ms (656 modules)
 ✓ Compiled in 190ms (656 modules)
 ✓ Compiled in 183ms (656 modules)
 ✓ Compiled in 172ms (656 modules)
 ✓ Compiled in 202ms (656 modules)
 ✓ Compiled in 163ms (656 modules)
 ✓ Compiled in 163ms (656 modules)
 ✓ Compiled in 191ms (656 modules)
 ✓ Compiled in 146ms (656 modules)
 ✓ Compiled in 156ms (656 modules)
 ✓ Compiled in 165ms (656 modules)
 ✓ Compiled in 146ms (656 modules)
 ⨯ ./app/layout.tsx
Error:   [31mx[0m Expected ',', got 'export'
    ,-[[36;1;4m/mnt/sda4/SkyeNetwork/SkyeGUIPlugin/app/layout.tsx[0m:42:1]
 [2m39[0m |   generator: 'nobleskye.dev',
 [2m40[0m | }
 [2m41[0m | 
 [2m42[0m | export default function RootLayout({
    : [35;1m^^^^^^[0m
 [2m43[0m |   children,
 [2m44[0m | }: Readonly<{
 [2m45[0m |   children: React.ReactNode
    `----

Caused by:
    Syntax Error

Import trace for requested module:
./app/layout.tsx
 ⨯ ./app/layout.tsx
Error:   [31mx[0m Unexpected token `default`. Expected ... , *,  (, [, :, , ?, =, an identifier, public, protected, private, readonly, <.
    ,-[[36;1;4m/mnt/sda4/SkyeNetwork/SkyeGUIPlugin/app/layout.tsx[0m:39:1]
 [2m36[0m |     description: 'Create GUI for Minecraft servers with ease',
 [2m37[0m |   },
 [2m38[0m | 
 [2m39[0m | export default function RootLayout({
    : [35;1m       ^^^^^^^[0m
 [2m40[0m |   children,
 [2m41[0m | }: Readonly<{
 [2m42[0m |   children: React.ReactNode
    `----

Caused by:
    Syntax Error

Import trace for requested module:
./app/layout.tsx
 ⨯ ./app/layout.tsx
Error:   [31mx[0m Unexpected token `default`. Expected ... , *,  (, [, :, , ?, =, an identifier, public, protected, private, readonly, <.
    ,-[[36;1;4m/mnt/sda4/SkyeNetwork/SkyeGUIPlugin/app/layout.tsx[0m:39:1]
 [2m36[0m |     description: 'Create GUI for Minecraft servers with ease',
 [2m37[0m |   },
 [2m38[0m | 
 [2m39[0m | export default function RootLayout({
    : [35;1m       ^^^^^^^[0m
 [2m40[0m |   children,
 [2m41[0m | }: Readonly<{
 [2m42[0m |   children: React.ReactNode
    `----

Caused by:
    Syntax Error

Import trace for requested module:
./app/layout.tsx
